<?xml version="1.0" encoding="UTF-8"?>
<!-- Generated by org.testng.reporters.JUnitXMLReporter -->
<testsuite ignored="0" hostname="Rajeev" failures="0" tests="3" name="Form Authentication" time="12.425" errors="0" timestamp="2020-12-24T07:27:36 GMT">
  <testcase classname="testcases.formAuthenticationTest" name="formauthenticationTest" time="0.752"/>
  <testcase classname="testcases.formAuthenticationTest" name="formauthenticationTest" time="0.709"/>
  <testcase classname="testcases.formAuthenticationTest" name="formauthenticationTest" time="0.819"/>
</testsuite> <!-- Form Authentication -->
