<?xml version="1.0" encoding="UTF-8"?>
<!-- Generated by org.testng.reporters.JUnitXMLReporter -->
<testsuite ignored="0" hostname="Rajeev" failures="0" tests="4" name="Key Presses" time="9.707" errors="0" timestamp="2020-12-24T07:28:02 GMT">
  <testcase classname="testcases.keyPressesTest" name="keypressTest" time="0.298"/>
  <testcase classname="testcases.keyPressesTest" name="keypressTest" time="0.235"/>
  <testcase classname="testcases.keyPressesTest" name="keypressTest" time="0.227"/>
  <testcase classname="testcases.keyPressesTest" name="keypressTest" time="0.231"/>
</testsuite> <!-- Key Presses -->
