<?xml version="1.0" encoding="UTF-8"?>
<!-- Generated by org.testng.reporters.JUnitXMLReporter -->
<testsuite ignored="0" hostname="Rajeev" failures="0" tests="3" name="Default test" time="11.812" errors="0" timestamp="2020-12-24T14:01:06 GMT">
  <testcase classname="testcases.formAuthenticationTest" name="formauthenticationTest" time="0.941"/>
  <testcase classname="testcases.formAuthenticationTest" name="formauthenticationTest" time="0.703"/>
  <testcase classname="testcases.formAuthenticationTest" name="formauthenticationTest" time="0.711"/>
</testsuite> <!-- Default test -->
