<?xml version="1.0" encoding="UTF-8"?>
<!-- Generated by org.testng.reporters.JUnitXMLReporter -->
<testsuite ignored="0" hostname="Rajeev" failures="0" tests="3" name="Form Authentication" time="11.566" errors="0" timestamp="2020-12-24T14:34:05 GMT">
  <testcase classname="testcases.formAuthenticationTest" name="formauthenticationTest" time="0.702"/>
  <testcase classname="testcases.formAuthenticationTest" name="formauthenticationTest" time="0.579"/>
  <testcase classname="testcases.formAuthenticationTest" name="formauthenticationTest" time="0.61"/>
</testsuite> <!-- Form Authentication -->
