<?xml version="1.0" encoding="UTF-8"?>
<!-- Generated by org.testng.reporters.JUnitXMLReporter -->
<testsuite ignored="0" hostname="Rajeev" failures="0" tests="4" name="Key Presses" time="9.938" errors="0" timestamp="2020-12-24T14:34:28 GMT">
  <testcase classname="testcases.keyPressesTest" name="keypressTest" time="0.28"/>
  <testcase classname="testcases.keyPressesTest" name="keypressTest" time="0.339"/>
  <testcase classname="testcases.keyPressesTest" name="keypressTest" time="0.343"/>
  <testcase classname="testcases.keyPressesTest" name="keypressTest" time="0.197"/>
</testsuite> <!-- Key Presses -->
