<?xml version="1.0" encoding="UTF-8"?>
<testng-results ignored="0" total="8" passed="8" failed="0" skipped="0">
  <reporter-output>
  </reporter-output>
  <suite started-at="2020-12-24T14:33:53 GMT" name="Anser Digital Assessment" finished-at="2020-12-24T14:34:28 GMT" duration-ms="34668">
    <groups>
    </groups>
    <test started-at="2020-12-24T14:33:53 GMT" name="Form Authentication" finished-at="2020-12-24T14:34:05 GMT" duration-ms="11566">
      <class name="testcases.formAuthenticationTest">
        <test-method is-config="true" signature="setUp()[pri:0, instance:testcases.formAuthenticationTest@534a5a98]" started-at="2020-12-24T14:33:53 GMT" name="setUp" finished-at="2020-12-24T14:34:02 GMT" duration-ms="8477" status="PASS">
          <reporter-output>
          </reporter-output>
        </test-method> <!-- setUp -->
        <test-method is-config="true" signature="before()[pri:0, instance:testcases.formAuthenticationTest@534a5a98]" started-at="2020-12-24T14:34:02 GMT" name="before" finished-at="2020-12-24T14:34:03 GMT" depends-on-methods="base.TestBase.setUp" duration-ms="943" status="PASS">
          <reporter-output>
          </reporter-output>
        </test-method> <!-- before -->
        <test-method signature="formauthenticationTest(java.lang.String, java.lang.String, java.lang.String)[pri:0, instance:testcases.formAuthenticationTest@534a5a98]" started-at="2020-12-24T14:34:03 GMT" name="formauthenticationTest" data-provider="Login Test Data" finished-at="2020-12-24T14:34:04 GMT" duration-ms="702" status="PASS">
          <params>
            <param index="0">
              <value>
                <![CDATA[tomsmith]]>
              </value>
            </param>
            <param index="1">
              <value>
                <![CDATA[SuperSecretPassword]]>
              </value>
            </param>
            <param index="2">
              <value>
                <![CDATA[IncorrectPassword]]>
              </value>
            </param>
          </params>
          <reporter-output>
          </reporter-output>
        </test-method> <!-- formauthenticationTest -->
        <test-method signature="formauthenticationTest(java.lang.String, java.lang.String, java.lang.String)[pri:0, instance:testcases.formAuthenticationTest@534a5a98]" started-at="2020-12-24T14:34:04 GMT" name="formauthenticationTest" data-provider="Login Test Data" finished-at="2020-12-24T14:34:04 GMT" duration-ms="579" status="PASS">
          <params>
            <param index="0">
              <value>
                <![CDATA[tmsmith]]>
              </value>
            </param>
            <param index="1">
              <value>
                <![CDATA[SuperSecretPassword!]]>
              </value>
            </param>
            <param index="2">
              <value>
                <![CDATA[IncorrectUserName]]>
              </value>
            </param>
          </params>
          <reporter-output>
          </reporter-output>
        </test-method> <!-- formauthenticationTest -->
        <test-method signature="formauthenticationTest(java.lang.String, java.lang.String, java.lang.String)[pri:0, instance:testcases.formAuthenticationTest@534a5a98]" started-at="2020-12-24T14:34:04 GMT" name="formauthenticationTest" data-provider="Login Test Data" finished-at="2020-12-24T14:34:05 GMT" duration-ms="610" status="PASS">
          <params>
            <param index="0">
              <value>
                <![CDATA[tomsmith]]>
              </value>
            </param>
            <param index="1">
              <value>
                <![CDATA[SuperSecretPassword!]]>
              </value>
            </param>
            <param index="2">
              <value>
                <![CDATA[AllPositive]]>
              </value>
            </param>
          </params>
          <reporter-output>
          </reporter-output>
        </test-method> <!-- formauthenticationTest -->
        <test-method is-config="true" signature="tearDown()[pri:0, instance:testcases.formAuthenticationTest@534a5a98]" started-at="2020-12-24T14:34:05 GMT" name="tearDown" finished-at="2020-12-24T14:34:05 GMT" duration-ms="157" status="PASS">
          <reporter-output>
          </reporter-output>
        </test-method> <!-- tearDown -->
      </class> <!-- testcases.formAuthenticationTest -->
    </test> <!-- Form Authentication -->
    <test started-at="2020-12-24T14:34:05 GMT" name="Infinite Scroll" finished-at="2020-12-24T14:34:18 GMT" duration-ms="12467">
      <class name="testcases.infiniteScrollTest">
        <test-method is-config="true" signature="setUp()[pri:0, instance:testcases.infiniteScrollTest@1a942c18]" started-at="2020-12-24T14:34:05 GMT" name="setUp" finished-at="2020-12-24T14:34:13 GMT" duration-ms="7606" status="PASS">
          <reporter-output>
          </reporter-output>
        </test-method> <!-- setUp -->
        <test-method signature="infinitescrollTest()[pri:0, instance:testcases.infiniteScrollTest@1a942c18]" started-at="2020-12-24T14:34:13 GMT" name="infinitescrollTest" finished-at="2020-12-24T14:34:18 GMT" duration-ms="4747" status="PASS">
          <reporter-output>
          </reporter-output>
        </test-method> <!-- infinitescrollTest -->
        <test-method is-config="true" signature="tearDown()[pri:0, instance:testcases.infiniteScrollTest@1a942c18]" started-at="2020-12-24T14:34:18 GMT" name="tearDown" finished-at="2020-12-24T14:34:18 GMT" duration-ms="113" status="PASS">
          <reporter-output>
          </reporter-output>
        </test-method> <!-- tearDown -->
      </class> <!-- testcases.infiniteScrollTest -->
    </test> <!-- Infinite Scroll -->
    <test started-at="2020-12-24T14:34:18 GMT" name="Key Presses" finished-at="2020-12-24T14:34:28 GMT" duration-ms="9938">
      <class name="testcases.keyPressesTest">
        <test-method is-config="true" signature="setUp()[pri:0, instance:testcases.keyPressesTest@5ab956d7]" started-at="2020-12-24T14:34:18 GMT" name="setUp" finished-at="2020-12-24T14:34:26 GMT" duration-ms="8034" status="PASS">
          <reporter-output>
          </reporter-output>
        </test-method> <!-- setUp -->
        <test-method is-config="true" signature="before()[pri:0, instance:testcases.keyPressesTest@5ab956d7]" started-at="2020-12-24T14:34:26 GMT" name="before" finished-at="2020-12-24T14:34:27 GMT" depends-on-methods="base.TestBase.setUp" duration-ms="600" status="PASS">
          <reporter-output>
          </reporter-output>
        </test-method> <!-- before -->
        <test-method signature="keypressTest(java.lang.Object, java.lang.String)[pri:0, instance:testcases.keyPressesTest@5ab956d7]" started-at="2020-12-24T14:34:27 GMT" name="keypressTest" data-provider="keys" finished-at="2020-12-24T14:34:27 GMT" duration-ms="280" status="PASS">
          <params>
            <param index="0">
              <value>
                <![CDATA[]]>
              </value>
            </param>
            <param index="1">
              <value>
                <![CDATA[NUMPAD6]]>
              </value>
            </param>
          </params>
          <reporter-output>
          </reporter-output>
        </test-method> <!-- keypressTest -->
        <test-method signature="keypressTest(java.lang.Object, java.lang.String)[pri:0, instance:testcases.keyPressesTest@5ab956d7]" started-at="2020-12-24T14:34:27 GMT" name="keypressTest" data-provider="keys" finished-at="2020-12-24T14:34:27 GMT" duration-ms="339" status="PASS">
          <params>
            <param index="0">
              <value>
                <![CDATA[Q]]>
              </value>
            </param>
            <param index="1">
              <value>
                <![CDATA[Q]]>
              </value>
            </param>
          </params>
          <reporter-output>
          </reporter-output>
        </test-method> <!-- keypressTest -->
        <test-method signature="keypressTest(java.lang.Object, java.lang.String)[pri:0, instance:testcases.keyPressesTest@5ab956d7]" started-at="2020-12-24T14:34:27 GMT" name="keypressTest" data-provider="keys" finished-at="2020-12-24T14:34:28 GMT" duration-ms="343" status="PASS">
          <params>
            <param index="0">
              <value>
                <![CDATA[3]]>
              </value>
            </param>
            <param index="1">
              <value>
                <![CDATA[3]]>
              </value>
            </param>
          </params>
          <reporter-output>
          </reporter-output>
        </test-method> <!-- keypressTest -->
        <test-method signature="keypressTest(java.lang.Object, java.lang.String)[pri:0, instance:testcases.keyPressesTest@5ab956d7]" started-at="2020-12-24T14:34:28 GMT" name="keypressTest" data-provider="keys" finished-at="2020-12-24T14:34:28 GMT" duration-ms="197" status="PASS">
          <params>
            <param index="0">
              <value>
                <![CDATA[]]>
              </value>
            </param>
            <param index="1">
              <value>
                <![CDATA[DOWN]]>
              </value>
            </param>
          </params>
          <reporter-output>
          </reporter-output>
        </test-method> <!-- keypressTest -->
        <test-method is-config="true" signature="tearDown()[pri:0, instance:testcases.keyPressesTest@5ab956d7]" started-at="2020-12-24T14:34:28 GMT" name="tearDown" finished-at="2020-12-24T14:34:28 GMT" duration-ms="137" status="PASS">
          <reporter-output>
          </reporter-output>
        </test-method> <!-- tearDown -->
      </class> <!-- testcases.keyPressesTest -->
    </test> <!-- Key Presses -->
  </suite> <!-- Anser Digital Assessment -->
</testng-results>
