<?xml version="1.0" encoding="UTF-8"?>
<testng-results ignored="0" total="3" passed="3" failed="0" skipped="0">
  <reporter-output>
  </reporter-output>
  <suite started-at="2020-12-24T14:00:54 GMT" name="Default suite" finished-at="2020-12-24T14:01:06 GMT" duration-ms="11812">
    <groups>
    </groups>
    <test started-at="2020-12-24T14:00:54 GMT" name="Default test" finished-at="2020-12-24T14:01:06 GMT" duration-ms="11812">
      <class name="testcases.formAuthenticationTest">
        <test-method is-config="true" signature="setUp()[pri:0, instance:testcases.formAuthenticationTest@70f02c32]" started-at="2020-12-24T14:00:54 GMT" name="setUp" finished-at="2020-12-24T14:01:03 GMT" duration-ms="8391" status="PASS">
          <reporter-output>
          </reporter-output>
        </test-method> <!-- setUp -->
        <test-method is-config="true" signature="before()[pri:0, instance:testcases.formAuthenticationTest@70f02c32]" started-at="2020-12-24T14:01:03 GMT" name="before" finished-at="2020-12-24T14:01:03 GMT" depends-on-methods="base.TestBase.setUp" duration-ms="779" status="PASS">
          <reporter-output>
          </reporter-output>
        </test-method> <!-- before -->
        <test-method signature="formauthenticationTest(java.lang.String, java.lang.String, java.lang.String)[pri:0, instance:testcases.formAuthenticationTest@70f02c32]" started-at="2020-12-24T14:01:03 GMT" name="formauthenticationTest" data-provider="Login Test Data" finished-at="2020-12-24T14:01:04 GMT" duration-ms="941" status="PASS">
          <params>
            <param index="0">
              <value>
                <![CDATA[tomsmith]]>
              </value>
            </param>
            <param index="1">
              <value>
                <![CDATA[SuperSecretPassword]]>
              </value>
            </param>
            <param index="2">
              <value>
                <![CDATA[IncorrectPassword]]>
              </value>
            </param>
          </params>
          <reporter-output>
          </reporter-output>
        </test-method> <!-- formauthenticationTest -->
        <test-method signature="formauthenticationTest(java.lang.String, java.lang.String, java.lang.String)[pri:0, instance:testcases.formAuthenticationTest@70f02c32]" started-at="2020-12-24T14:01:05 GMT" name="formauthenticationTest" data-provider="Login Test Data" finished-at="2020-12-24T14:01:05 GMT" duration-ms="703" status="PASS">
          <params>
            <param index="0">
              <value>
                <![CDATA[tmsmith]]>
              </value>
            </param>
            <param index="1">
              <value>
                <![CDATA[SuperSecretPassword!]]>
              </value>
            </param>
            <param index="2">
              <value>
                <![CDATA[IncorrectUserName]]>
              </value>
            </param>
          </params>
          <reporter-output>
          </reporter-output>
        </test-method> <!-- formauthenticationTest -->
        <test-method signature="formauthenticationTest(java.lang.String, java.lang.String, java.lang.String)[pri:0, instance:testcases.formAuthenticationTest@70f02c32]" started-at="2020-12-24T14:01:05 GMT" name="formauthenticationTest" data-provider="Login Test Data" finished-at="2020-12-24T14:01:06 GMT" duration-ms="711" status="PASS">
          <params>
            <param index="0">
              <value>
                <![CDATA[tomsmith]]>
              </value>
            </param>
            <param index="1">
              <value>
                <![CDATA[SuperSecretPassword!]]>
              </value>
            </param>
            <param index="2">
              <value>
                <![CDATA[AllPositive]]>
              </value>
            </param>
          </params>
          <reporter-output>
          </reporter-output>
        </test-method> <!-- formauthenticationTest -->
        <test-method is-config="true" signature="tearDown()[pri:0, instance:testcases.formAuthenticationTest@70f02c32]" started-at="2020-12-24T14:01:06 GMT" name="tearDown" finished-at="2020-12-24T14:01:06 GMT" duration-ms="131" status="PASS">
          <reporter-output>
          </reporter-output>
        </test-method> <!-- tearDown -->
      </class> <!-- testcases.formAuthenticationTest -->
    </test> <!-- Default test -->
  </suite> <!-- Default suite -->
</testng-results>
